[2024-02-05 16:34:13] local.ERROR: No suitable servers found (`serverSelectionTryOnce` set): [Failed to resolve 'ac-uiyokvp-shard-00-00.436zk6f.mongodb.net'] [Failed to resolve 'ac-uiyokvp-shard-00-01.436zk6f.mongodb.net'] [Failed to resolve 'ac-uiyokvp-shard-00-02.436zk6f.mongodb.net'] {"exception":"[object] (MongoDB\\Driver\\Exception\\ConnectionTimeoutException(code: 13053): No suitable servers found (`serverSelectionTryOnce` set): [Failed to resolve 'ac-uiyokvp-shard-00-00.436zk6f.mongodb.net'] [Failed to resolve 'ac-uiyokvp-shard-00-01.436zk6f.mongodb.net'] [Failed to resolve 'ac-uiyokvp-shard-00-02.436zk6f.mongodb.net'] at C:\\Users\\Frost\\Documents\\GitHub\\Proyecto-4\\backend\\vendor\\mongodb\\mongodb\\src\\functions.php:487)
[stacktrace]
#0 C:\\Users\\Frost\\Documents\\GitHub\\Proyecto-4\\backend\\vendor\\mongodb\\mongodb\\src\\functions.php(487): MongoDB\\Driver\\Manager->selectServer(Object(MongoDB\\Driver\\ReadPreference))
#1 C:\\Users\\Frost\\Documents\\GitHub\\Proyecto-4\\backend\\vendor\\mongodb\\mongodb\\src\\Collection.php(639): MongoDB\\select_server(Object(MongoDB\\Driver\\Manager), Array)
#2 C:\\Users\\Frost\\Documents\\GitHub\\Proyecto-4\\backend\\vendor\\jenssegers\\mongodb\\src\\Collection.php(45): MongoDB\\Collection->find(Array, Array)
#3 C:\\Users\\Frost\\Documents\\GitHub\\Proyecto-4\\backend\\vendor\\jenssegers\\mongodb\\src\\Query\\Builder.php(413): Jenssegers\\Mongodb\\Collection->__call('find', Array)
#4 C:\\Users\\Frost\\Documents\\GitHub\\Proyecto-4\\backend\\vendor\\jenssegers\\mongodb\\src\\Query\\Builder.php(202): Jenssegers\\Mongodb\\Query\\Builder->getFresh(Array)
#5 C:\\Users\\Frost\\Documents\\GitHub\\Proyecto-4\\backend\\vendor\\laravel\\framework\\src\\Illuminate\\Database\\Eloquent\\Builder.php(710): Jenssegers\\Mongodb\\Query\\Builder->get(Array)
#6 C:\\Users\\Frost\\Documents\\GitHub\\Proyecto-4\\backend\\vendor\\laravel\\framework\\src\\Illuminate\\Database\\Eloquent\\Builder.php(694): Illuminate\\Database\\Eloquent\\Builder->getModels(Array)
#7 C:\\Users\\Frost\\Documents\\GitHub\\Proyecto-4\\backend\\vendor\\laravel\\framework\\src\\Illuminate\\Database\\Eloquent\\Model.php(674): Illuminate\\Database\\Eloquent\\Builder->get(Array)
#8 C:\\Users\\Frost\\Documents\\GitHub\\Proyecto-4\\backend\\app\\Http\\Controllers\\Api\\EtapaController.php(16): Illuminate\\Database\\Eloquent\\Model::all()
#9 C:\\Users\\Frost\\Documents\\GitHub\\Proyecto-4\\backend\\vendor\\laravel\\framework\\src\\Illuminate\\Routing\\Controller.php(54): App\\Http\\Controllers\\Api\\EtapaController->index()
#10 C:\\Users\\Frost\\Documents\\GitHub\\Proyecto-4\\backend\\vendor\\laravel\\framework\\src\\Illuminate\\Routing\\ControllerDispatcher.php(43): Illuminate\\Routing\\Controller->callAction('index', Array)
#11 C:\\Users\\Frost\\Documents\\GitHub\\Proyecto-4\\backend\\vendor\\laravel\\framework\\src\\Illuminate\\Routing\\Route.php(260): Illuminate\\Routing\\ControllerDispatcher->dispatch(Object(Illuminate\\Routing\\Route), Object(App\\Http\\Controllers\\Api\\EtapaController), 'index')
#12 C:\\Users\\Frost\\Documents\\GitHub\\Proyecto-4\\backend\\vendor\\laravel\\framework\\src\\Illuminate\\Routing\\Route.php(205): Illuminate\\Routing\\Route->runController()
#13 C:\\Users\\Frost\\Documents\\GitHub\\Proyecto-4\\backend\\vendor\\laravel\\framework\\src\\Illuminate\\Routing\\Router.php(798): Illuminate\\Routing\\Route->run()
#14 C:\\Users\\Frost\\Documents\\GitHub\\Proyecto-4\\backend\\vendor\\laravel\\framework\\src\\Illuminate\\Pipeline\\Pipeline.php(141): Illuminate\\Routing\\Router->Illuminate\\Routing\\{closure}(Object(Illuminate\\Http\\Request))
#15 C:\\Users\\Frost\\Documents\\GitHub\\Proyecto-4\\backend\\vendor\\laravel\\framework\\src\\Illuminate\\Routing\\Middleware\\SubstituteBindings.php(50): Illuminate\\Pipeline\\Pipeline->Illuminate\\Pipeline\\{closure}(Object(Illuminate\\Http\\Request))
#16 C:\\Users\\Frost\\Documents\\GitHub\\Proyecto-4\\backend\\vendor\\laravel\\framework\\src\\Illuminate\\Pipeline\\Pipeline.php(180): Illuminate\\Routing\\Middleware\\SubstituteBindings->handle(Object(Illuminate\\Http\\Request), Object(Closure))
#17 C:\\Users\\Frost\\Documents\\GitHub\\Proyecto-4\\backend\\vendor\\laravel\\framework\\src\\Illuminate\\Routing\\Middleware\\ThrottleRequests.php(126): Illuminate\\Pipeline\\Pipeline->Illuminate\\Pipeline\\{closure}(Object(Illuminate\\Http\\Request))
#18 C:\\Users\\Frost\\Documents\\GitHub\\Proyecto-4\\backend\\vendor\\laravel\\framework\\src\\Illuminate\\Routing\\Middleware\\ThrottleRequests.php(102): Illuminate\\Routing\\Middleware\\ThrottleRequests->handleRequest(Object(Illuminate\\Http\\Request), Object(Closure), Array)
#19 C:\\Users\\Frost\\Documents\\GitHub\\Proyecto-4\\backend\\vendor\\laravel\\framework\\src\\Illuminate\\Routing\\Middleware\\ThrottleRequests.php(54): Illuminate\\Routing\\Middleware\\ThrottleRequests->handleRequestUsingNamedLimiter(Object(Illuminate\\Http\\Request), Object(Closure), 'api', Object(Closure))
#20 C:\\Users\\Frost\\Documents\\GitHub\\Proyecto-4\\backend\\vendor\\laravel\\framework\\src\\Illuminate\\Pipeline\\Pipeline.php(180): Illuminate\\Routing\\Middleware\\ThrottleRequests->handle(Object(Illuminate\\Http\\Request), Object(Closure), 'api')
#21 C:\\Users\\Frost\\Documents\\GitHub\\Proyecto-4\\backend\\vendor\\laravel\\framework\\src\\Illuminate\\Pipeline\\Pipeline.php(116): Illuminate\\Pipeline\\Pipeline->Illuminate\\Pipeline\\{closure}(Object(Illuminate\\Http\\Request))
#22 C:\\Users\\Frost\\Documents\\GitHub\\Proyecto-4\\backend\\vendor\\laravel\\framework\\src\\Illuminate\\Routing\\Router.php(799): Illuminate\\Pipeline\\Pipeline->then(Object(Closure))
#23 C:\\Users\\Frost\\Documents\\GitHub\\Proyecto-4\\backend\\vendor\\laravel\\framework\\src\\Illuminate\\Routing\\Router.php(776): Illuminate\\Routing\\Router->runRouteWithinStack(Object(Illuminate\\Routing\\Route), Object(Illuminate\\Http\\Request))
#24 C:\\Users\\Frost\\Documents\\GitHub\\Proyecto-4\\backend\\vendor\\laravel\\framework\\src\\Illuminate\\Routing\\Router.php(740): Illuminate\\Routing\\Router->runRoute(Object(Illuminate\\Http\\Request), Object(Illuminate\\Routing\\Route))
#25 C:\\Users\\Frost\\Documents\\GitHub\\Proyecto-4\\backend\\vendor\\laravel\\framework\\src\\Illuminate\\Routing\\Router.php(729): Illuminate\\Routing\\Router->dispatchToRoute(Object(Illuminate\\Http\\Request))
#26 C:\\Users\\Frost\\Documents\\GitHub\\Proyecto-4\\backend\\vendor\\laravel\\framework\\src\\Illuminate\\Foundation\\Http\\Kernel.php(190): Illuminate\\Routing\\Router->dispatch(Object(Illuminate\\Http\\Request))
#27 C:\\Users\\Frost\\Documents\\GitHub\\Proyecto-4\\backend\\vendor\\laravel\\framework\\src\\Illuminate\\Pipeline\\Pipeline.php(141): Illuminate\\Foundation\\Http\\Kernel->Illuminate\\Foundation\\Http\\{closure}(Object(Illuminate\\Http\\Request))
#28 C:\\Users\\Frost\\Documents\\GitHub\\Proyecto-4\\backend\\vendor\\laravel\\framework\\src\\Illuminate\\Foundation\\Http\\Middleware\\TransformsRequest.php(21): Illuminate\\Pipeline\\Pipeline->Illuminate\\Pipeline\\{closure}(Object(Illuminate\\Http\\Request))
#29 C:\\Users\\Frost\\Documents\\GitHub\\Proyecto-4\\backend\\vendor\\laravel\\framework\\src\\Illuminate\\Foundation\\Http\\Middleware\\ConvertEmptyStringsToNull.php(31): Illuminate\\Foundation\\Http\\Middleware\\TransformsRequest->handle(Object(Illuminate\\Http\\Request), Object(Closure))
#30 C:\\Users\\Frost\\Documents\\GitHub\\Proyecto-4\\backend\\vendor\\laravel\\framework\\src\\Illuminate\\Pipeline\\Pipeline.php(180): Illuminate\\Foundation\\Http\\Middleware\\ConvertEmptyStringsToNull->handle(Object(Illuminate\\Http\\Request), Object(Closure))
#31 C:\\Users\\Frost\\Documents\\GitHub\\Proyecto-4\\backend\\vendor\\laravel\\framework\\src\\Illuminate\\Foundation\\Http\\Middleware\\TransformsRequest.php(21): Illuminate\\Pipeline\\Pipeline->Illuminate\\Pipeline\\{closure}(Object(Illuminate\\Http\\Request))
#32 C:\\Users\\Frost\\Documents\\GitHub\\Proyecto-4\\backend\\vendor\\laravel\\framework\\src\\Illuminate\\Foundation\\Http\\Middleware\\TrimStrings.php(40): Illuminate\\Foundation\\Http\\Middleware\\TransformsRequest->handle(Object(Illuminate\\Http\\Request), Object(Closure))
#33 C:\\Users\\Frost\\Documents\\GitHub\\Proyecto-4\\backend\\vendor\\laravel\\framework\\src\\Illuminate\\Pipeline\\Pipeline.php(180): Illuminate\\Foundation\\Http\\Middleware\\TrimStrings->handle(Object(Illuminate\\Http\\Request), Object(Closure))
#34 C:\\Users\\Frost\\Documents\\GitHub\\Proyecto-4\\backend\\vendor\\laravel\\framework\\src\\Illuminate\\Foundation\\Http\\Middleware\\ValidatePostSize.php(27): Illuminate\\Pipeline\\Pipeline->Illuminate\\Pipeline\\{closure}(Object(Illuminate\\Http\\Request))
#35 C:\\Users\\Frost\\Documents\\GitHub\\Proyecto-4\\backend\\vendor\\laravel\\framework\\src\\Illuminate\\Pipeline\\Pipeline.php(180): Illuminate\\Foundation\\Http\\Middleware\\ValidatePostSize->handle(Object(Illuminate\\Http\\Request), Object(Closure))
#36 C:\\Users\\Frost\\Documents\\GitHub\\Proyecto-4\\backend\\vendor\\laravel\\framework\\src\\Illuminate\\Foundation\\Http\\Middleware\\PreventRequestsDuringMaintenance.php(86): Illuminate\\Pipeline\\Pipeline->Illuminate\\Pipeline\\{closure}(Object(Illuminate\\Http\\Request))
#37 C:\\Users\\Frost\\Documents\\GitHub\\Proyecto-4\\backend\\vendor\\laravel\\framework\\src\\Illuminate\\Pipeline\\Pipeline.php(180): Illuminate\\Foundation\\Http\\Middleware\\PreventRequestsDuringMaintenance->handle(Object(Illuminate\\Http\\Request), Object(Closure))
#38 C:\\Users\\Frost\\Documents\\GitHub\\Proyecto-4\\backend\\vendor\\laravel\\framework\\src\\Illuminate\\Http\\Middleware\\HandleCors.php(62): Illuminate\\Pipeline\\Pipeline->Illuminate\\Pipeline\\{closure}(Object(Illuminate\\Http\\Request))
#39 C:\\Users\\Frost\\Documents\\GitHub\\Proyecto-4\\backend\\vendor\\laravel\\framework\\src\\Illuminate\\Pipeline\\Pipeline.php(180): Illuminate\\Http\\Middleware\\HandleCors->handle(Object(Illuminate\\Http\\Request), Object(Closure))
#40 C:\\Users\\Frost\\Documents\\GitHub\\Proyecto-4\\backend\\vendor\\laravel\\framework\\src\\Illuminate\\Http\\Middleware\\TrustProxies.php(39): Illuminate\\Pipeline\\Pipeline->Illuminate\\Pipeline\\{closure}(Object(Illuminate\\Http\\Request))
#41 C:\\Users\\Frost\\Documents\\GitHub\\Proyecto-4\\backend\\vendor\\laravel\\framework\\src\\Illuminate\\Pipeline\\Pipeline.php(180): Illuminate\\Http\\Middleware\\TrustProxies->handle(Object(Illuminate\\Http\\Request), Object(Closure))
#42 C:\\Users\\Frost\\Documents\\GitHub\\Proyecto-4\\backend\\vendor\\laravel\\framework\\src\\Illuminate\\Pipeline\\Pipeline.php(116): Illuminate\\Pipeline\\Pipeline->Illuminate\\Pipeline\\{closure}(Object(Illuminate\\Http\\Request))
#43 C:\\Users\\Frost\\Documents\\GitHub\\Proyecto-4\\backend\\vendor\\laravel\\framework\\src\\Illuminate\\Foundation\\Http\\Kernel.php(165): Illuminate\\Pipeline\\Pipeline->then(Object(Closure))
#44 C:\\Users\\Frost\\Documents\\GitHub\\Proyecto-4\\backend\\vendor\\laravel\\framework\\src\\Illuminate\\Foundation\\Http\\Kernel.php(134): Illuminate\\Foundation\\Http\\Kernel->sendRequestThroughRouter(Object(Illuminate\\Http\\Request))
#45 C:\\Users\\Frost\\Documents\\GitHub\\Proyecto-4\\backend\\public\\index.php(52): Illuminate\\Foundation\\Http\\Kernel->handle(Object(Illuminate\\Http\\Request))
#46 C:\\Users\\Frost\\Documents\\GitHub\\Proyecto-4\\backend\\vendor\\laravel\\framework\\src\\Illuminate\\Foundation\\resources\\server.php(16): require_once('C:\\\\Users\\\\Frost\\\\...')
#47 {main}
"} 
[2024-02-05 16:34:14] local.ERROR: No servers yet eligible for rescan {"exception":"[object] (MongoDB\\Driver\\Exception\\ConnectionTimeoutException(code: 13053): No servers yet eligible for rescan at C:\\Users\\Frost\\Documents\\GitHub\\Proyecto-4\\backend\\vendor\\mongodb\\mongodb\\src\\functions.php:487)
[stacktrace]
#0 C:\\Users\\Frost\\Documents\\GitHub\\Proyecto-4\\backend\\vendor\\mongodb\\mongodb\\src\\functions.php(487): MongoDB\\Driver\\Manager->selectServer(Object(MongoDB\\Driver\\ReadPreference))
#1 C:\\Users\\Frost\\Documents\\GitHub\\Proyecto-4\\backend\\vendor\\mongodb\\mongodb\\src\\Collection.php(639): MongoDB\\select_server(Object(MongoDB\\Driver\\Manager), Array)
#2 C:\\Users\\Frost\\Documents\\GitHub\\Proyecto-4\\backend\\vendor\\jenssegers\\mongodb\\src\\Collection.php(45): MongoDB\\Collection->find(Array, Array)
#3 C:\\Users\\Frost\\Documents\\GitHub\\Proyecto-4\\backend\\vendor\\jenssegers\\mongodb\\src\\Query\\Builder.php(413): Jenssegers\\Mongodb\\Collection->__call('find', Array)
#4 C:\\Users\\Frost\\Documents\\GitHub\\Proyecto-4\\backend\\vendor\\jenssegers\\mongodb\\src\\Query\\Builder.php(202): Jenssegers\\Mongodb\\Query\\Builder->getFresh(Array)
#5 C:\\Users\\Frost\\Documents\\GitHub\\Proyecto-4\\backend\\vendor\\laravel\\framework\\src\\Illuminate\\Database\\Eloquent\\Builder.php(710): Jenssegers\\Mongodb\\Query\\Builder->get(Array)
#6 C:\\Users\\Frost\\Documents\\GitHub\\Proyecto-4\\backend\\vendor\\laravel\\framework\\src\\Illuminate\\Database\\Eloquent\\Builder.php(694): Illuminate\\Database\\Eloquent\\Builder->getModels(Array)
#7 C:\\Users\\Frost\\Documents\\GitHub\\Proyecto-4\\backend\\vendor\\laravel\\framework\\src\\Illuminate\\Database\\Concerns\\BuildsQueries.php(296): Illuminate\\Database\\Eloquent\\Builder->get(Array)
#8 C:\\Users\\Frost\\Documents\\GitHub\\Proyecto-4\\backend\\app\\Http\\Controllers\\Api\\EtapaController.php(57): Illuminate\\Database\\Eloquent\\Builder->first()
#9 C:\\Users\\Frost\\Documents\\GitHub\\Proyecto-4\\backend\\vendor\\laravel\\framework\\src\\Illuminate\\Routing\\Controller.php(54): App\\Http\\Controllers\\Api\\EtapaController->verEtapa(Object(Illuminate\\Http\\Request))
#10 C:\\Users\\Frost\\Documents\\GitHub\\Proyecto-4\\backend\\vendor\\laravel\\framework\\src\\Illuminate\\Routing\\ControllerDispatcher.php(43): Illuminate\\Routing\\Controller->callAction('verEtapa', Array)
#11 C:\\Users\\Frost\\Documents\\GitHub\\Proyecto-4\\backend\\vendor\\laravel\\framework\\src\\Illuminate\\Routing\\Route.php(260): Illuminate\\Routing\\ControllerDispatcher->dispatch(Object(Illuminate\\Routing\\Route), Object(App\\Http\\Controllers\\Api\\EtapaController), 'verEtapa')
#12 C:\\Users\\Frost\\Documents\\GitHub\\Proyecto-4\\backend\\vendor\\laravel\\framework\\src\\Illuminate\\Routing\\Route.php(205): Illuminate\\Routing\\Route->runController()
#13 C:\\Users\\Frost\\Documents\\GitHub\\Proyecto-4\\backend\\vendor\\laravel\\framework\\src\\Illuminate\\Routing\\Router.php(798): Illuminate\\Routing\\Route->run()
#14 C:\\Users\\Frost\\Documents\\GitHub\\Proyecto-4\\backend\\vendor\\laravel\\framework\\src\\Illuminate\\Pipeline\\Pipeline.php(141): Illuminate\\Routing\\Router->Illuminate\\Routing\\{closure}(Object(Illuminate\\Http\\Request))
#15 C:\\Users\\Frost\\Documents\\GitHub\\Proyecto-4\\backend\\vendor\\laravel\\framework\\src\\Illuminate\\Routing\\Middleware\\SubstituteBindings.php(50): Illuminate\\Pipeline\\Pipeline->Illuminate\\Pipeline\\{closure}(Object(Illuminate\\Http\\Request))
#16 C:\\Users\\Frost\\Documents\\GitHub\\Proyecto-4\\backend\\vendor\\laravel\\framework\\src\\Illuminate\\Pipeline\\Pipeline.php(180): Illuminate\\Routing\\Middleware\\SubstituteBindings->handle(Object(Illuminate\\Http\\Request), Object(Closure))
#17 C:\\Users\\Frost\\Documents\\GitHub\\Proyecto-4\\backend\\vendor\\laravel\\framework\\src\\Illuminate\\Routing\\Middleware\\ThrottleRequests.php(126): Illuminate\\Pipeline\\Pipeline->Illuminate\\Pipeline\\{closure}(Object(Illuminate\\Http\\Request))
#18 C:\\Users\\Frost\\Documents\\GitHub\\Proyecto-4\\backend\\vendor\\laravel\\framework\\src\\Illuminate\\Routing\\Middleware\\ThrottleRequests.php(102): Illuminate\\Routing\\Middleware\\ThrottleRequests->handleRequest(Object(Illuminate\\Http\\Request), Object(Closure), Array)
#19 C:\\Users\\Frost\\Documents\\GitHub\\Proyecto-4\\backend\\vendor\\laravel\\framework\\src\\Illuminate\\Routing\\Middleware\\ThrottleRequests.php(54): Illuminate\\Routing\\Middleware\\ThrottleRequests->handleRequestUsingNamedLimiter(Object(Illuminate\\Http\\Request), Object(Closure), 'api', Object(Closure))
#20 C:\\Users\\Frost\\Documents\\GitHub\\Proyecto-4\\backend\\vendor\\laravel\\framework\\src\\Illuminate\\Pipeline\\Pipeline.php(180): Illuminate\\Routing\\Middleware\\ThrottleRequests->handle(Object(Illuminate\\Http\\Request), Object(Closure), 'api')
#21 C:\\Users\\Frost\\Documents\\GitHub\\Proyecto-4\\backend\\vendor\\laravel\\framework\\src\\Illuminate\\Pipeline\\Pipeline.php(116): Illuminate\\Pipeline\\Pipeline->Illuminate\\Pipeline\\{closure}(Object(Illuminate\\Http\\Request))
#22 C:\\Users\\Frost\\Documents\\GitHub\\Proyecto-4\\backend\\vendor\\laravel\\framework\\src\\Illuminate\\Routing\\Router.php(799): Illuminate\\Pipeline\\Pipeline->then(Object(Closure))
#23 C:\\Users\\Frost\\Documents\\GitHub\\Proyecto-4\\backend\\vendor\\laravel\\framework\\src\\Illuminate\\Routing\\Router.php(776): Illuminate\\Routing\\Router->runRouteWithinStack(Object(Illuminate\\Routing\\Route), Object(Illuminate\\Http\\Request))
#24 C:\\Users\\Frost\\Documents\\GitHub\\Proyecto-4\\backend\\vendor\\laravel\\framework\\src\\Illuminate\\Routing\\Router.php(740): Illuminate\\Routing\\Router->runRoute(Object(Illuminate\\Http\\Request), Object(Illuminate\\Routing\\Route))
#25 C:\\Users\\Frost\\Documents\\GitHub\\Proyecto-4\\backend\\vendor\\laravel\\framework\\src\\Illuminate\\Routing\\Router.php(729): Illuminate\\Routing\\Router->dispatchToRoute(Object(Illuminate\\Http\\Request))
#26 C:\\Users\\Frost\\Documents\\GitHub\\Proyecto-4\\backend\\vendor\\laravel\\framework\\src\\Illuminate\\Foundation\\Http\\Kernel.php(190): Illuminate\\Routing\\Router->dispatch(Object(Illuminate\\Http\\Request))
#27 C:\\Users\\Frost\\Documents\\GitHub\\Proyecto-4\\backend\\vendor\\laravel\\framework\\src\\Illuminate\\Pipeline\\Pipeline.php(141): Illuminate\\Foundation\\Http\\Kernel->Illuminate\\Foundation\\Http\\{closure}(Object(Illuminate\\Http\\Request))
#28 C:\\Users\\Frost\\Documents\\GitHub\\Proyecto-4\\backend\\vendor\\laravel\\framework\\src\\Illuminate\\Foundation\\Http\\Middleware\\TransformsRequest.php(21): Illuminate\\Pipeline\\Pipeline->Illuminate\\Pipeline\\{closure}(Object(Illuminate\\Http\\Request))
#29 C:\\Users\\Frost\\Documents\\GitHub\\Proyecto-4\\backend\\vendor\\laravel\\framework\\src\\Illuminate\\Foundation\\Http\\Middleware\\ConvertEmptyStringsToNull.php(31): Illuminate\\Foundation\\Http\\Middleware\\TransformsRequest->handle(Object(Illuminate\\Http\\Request), Object(Closure))
#30 C:\\Users\\Frost\\Documents\\GitHub\\Proyecto-4\\backend\\vendor\\laravel\\framework\\src\\Illuminate\\Pipeline\\Pipeline.php(180): Illuminate\\Foundation\\Http\\Middleware\\ConvertEmptyStringsToNull->handle(Object(Illuminate\\Http\\Request), Object(Closure))
#31 C:\\Users\\Frost\\Documents\\GitHub\\Proyecto-4\\backend\\vendor\\laravel\\framework\\src\\Illuminate\\Foundation\\Http\\Middleware\\TransformsRequest.php(21): Illuminate\\Pipeline\\Pipeline->Illuminate\\Pipeline\\{closure}(Object(Illuminate\\Http\\Request))
#32 C:\\Users\\Frost\\Documents\\GitHub\\Proyecto-4\\backend\\vendor\\laravel\\framework\\src\\Illuminate\\Foundation\\Http\\Middleware\\TrimStrings.php(40): Illuminate\\Foundation\\Http\\Middleware\\TransformsRequest->handle(Object(Illuminate\\Http\\Request), Object(Closure))
#33 C:\\Users\\Frost\\Documents\\GitHub\\Proyecto-4\\backend\\vendor\\laravel\\framework\\src\\Illuminate\\Pipeline\\Pipeline.php(180): Illuminate\\Foundation\\Http\\Middleware\\TrimStrings->handle(Object(Illuminate\\Http\\Request), Object(Closure))
#34 C:\\Users\\Frost\\Documents\\GitHub\\Proyecto-4\\backend\\vendor\\laravel\\framework\\src\\Illuminate\\Foundation\\Http\\Middleware\\ValidatePostSize.php(27): Illuminate\\Pipeline\\Pipeline->Illuminate\\Pipeline\\{closure}(Object(Illuminate\\Http\\Request))
#35 C:\\Users\\Frost\\Documents\\GitHub\\Proyecto-4\\backend\\vendor\\laravel\\framework\\src\\Illuminate\\Pipeline\\Pipeline.php(180): Illuminate\\Foundation\\Http\\Middleware\\ValidatePostSize->handle(Object(Illuminate\\Http\\Request), Object(Closure))
#36 C:\\Users\\Frost\\Documents\\GitHub\\Proyecto-4\\backend\\vendor\\laravel\\framework\\src\\Illuminate\\Foundation\\Http\\Middleware\\PreventRequestsDuringMaintenance.php(86): Illuminate\\Pipeline\\Pipeline->Illuminate\\Pipeline\\{closure}(Object(Illuminate\\Http\\Request))
#37 C:\\Users\\Frost\\Documents\\GitHub\\Proyecto-4\\backend\\vendor\\laravel\\framework\\src\\Illuminate\\Pipeline\\Pipeline.php(180): Illuminate\\Foundation\\Http\\Middleware\\PreventRequestsDuringMaintenance->handle(Object(Illuminate\\Http\\Request), Object(Closure))
#38 C:\\Users\\Frost\\Documents\\GitHub\\Proyecto-4\\backend\\vendor\\laravel\\framework\\src\\Illuminate\\Http\\Middleware\\HandleCors.php(62): Illuminate\\Pipeline\\Pipeline->Illuminate\\Pipeline\\{closure}(Object(Illuminate\\Http\\Request))
#39 C:\\Users\\Frost\\Documents\\GitHub\\Proyecto-4\\backend\\vendor\\laravel\\framework\\src\\Illuminate\\Pipeline\\Pipeline.php(180): Illuminate\\Http\\Middleware\\HandleCors->handle(Object(Illuminate\\Http\\Request), Object(Closure))
#40 C:\\Users\\Frost\\Documents\\GitHub\\Proyecto-4\\backend\\vendor\\laravel\\framework\\src\\Illuminate\\Http\\Middleware\\TrustProxies.php(39): Illuminate\\Pipeline\\Pipeline->Illuminate\\Pipeline\\{closure}(Object(Illuminate\\Http\\Request))
#41 C:\\Users\\Frost\\Documents\\GitHub\\Proyecto-4\\backend\\vendor\\laravel\\framework\\src\\Illuminate\\Pipeline\\Pipeline.php(180): Illuminate\\Http\\Middleware\\TrustProxies->handle(Object(Illuminate\\Http\\Request), Object(Closure))
#42 C:\\Users\\Frost\\Documents\\GitHub\\Proyecto-4\\backend\\vendor\\laravel\\framework\\src\\Illuminate\\Pipeline\\Pipeline.php(116): Illuminate\\Pipeline\\Pipeline->Illuminate\\Pipeline\\{closure}(Object(Illuminate\\Http\\Request))
#43 C:\\Users\\Frost\\Documents\\GitHub\\Proyecto-4\\backend\\vendor\\laravel\\framework\\src\\Illuminate\\Foundation\\Http\\Kernel.php(165): Illuminate\\Pipeline\\Pipeline->then(Object(Closure))
#44 C:\\Users\\Frost\\Documents\\GitHub\\Proyecto-4\\backend\\vendor\\laravel\\framework\\src\\Illuminate\\Foundation\\Http\\Kernel.php(134): Illuminate\\Foundation\\Http\\Kernel->sendRequestThroughRouter(Object(Illuminate\\Http\\Request))
#45 C:\\Users\\Frost\\Documents\\GitHub\\Proyecto-4\\backend\\public\\index.php(52): Illuminate\\Foundation\\Http\\Kernel->handle(Object(Illuminate\\Http\\Request))
#46 C:\\Users\\Frost\\Documents\\GitHub\\Proyecto-4\\backend\\vendor\\laravel\\framework\\src\\Illuminate\\Foundation\\resources\\server.php(16): require_once('C:\\\\Users\\\\Frost\\\\...')
#47 {main}
"} 
[2024-02-05 16:44:42] local.ERROR: No suitable servers found (`serverSelectionTryOnce` set): [Failed to resolve 'ac-uiyokvp-shard-00-00.436zk6f.mongodb.net'] [Failed to resolve 'ac-uiyokvp-shard-00-01.436zk6f.mongodb.net'] [Failed to resolve 'ac-uiyokvp-shard-00-02.436zk6f.mongodb.net'] {"exception":"[object] (MongoDB\\Driver\\Exception\\ConnectionTimeoutException(code: 13053): No suitable servers found (`serverSelectionTryOnce` set): [Failed to resolve 'ac-uiyokvp-shard-00-00.436zk6f.mongodb.net'] [Failed to resolve 'ac-uiyokvp-shard-00-01.436zk6f.mongodb.net'] [Failed to resolve 'ac-uiyokvp-shard-00-02.436zk6f.mongodb.net'] at C:\\Users\\Frost\\Documents\\GitHub\\Proyecto-4\\backend\\vendor\\mongodb\\mongodb\\src\\functions.php:487)
[stacktrace]
#0 C:\\Users\\Frost\\Documents\\GitHub\\Proyecto-4\\backend\\vendor\\mongodb\\mongodb\\src\\functions.php(487): MongoDB\\Driver\\Manager->selectServer(Object(MongoDB\\Driver\\ReadPreference))
#1 C:\\Users\\Frost\\Documents\\GitHub\\Proyecto-4\\backend\\vendor\\mongodb\\mongodb\\src\\Collection.php(639): MongoDB\\select_server(Object(MongoDB\\Driver\\Manager), Array)
#2 C:\\Users\\Frost\\Documents\\GitHub\\Proyecto-4\\backend\\vendor\\jenssegers\\mongodb\\src\\Collection.php(45): MongoDB\\Collection->find(Array, Array)
#3 C:\\Users\\Frost\\Documents\\GitHub\\Proyecto-4\\backend\\vendor\\jenssegers\\mongodb\\src\\Query\\Builder.php(413): Jenssegers\\Mongodb\\Collection->__call('find', Array)
#4 C:\\Users\\Frost\\Documents\\GitHub\\Proyecto-4\\backend\\vendor\\jenssegers\\mongodb\\src\\Query\\Builder.php(202): Jenssegers\\Mongodb\\Query\\Builder->getFresh(Array)
#5 C:\\Users\\Frost\\Documents\\GitHub\\Proyecto-4\\backend\\vendor\\laravel\\framework\\src\\Illuminate\\Database\\Eloquent\\Builder.php(710): Jenssegers\\Mongodb\\Query\\Builder->get(Array)
#6 C:\\Users\\Frost\\Documents\\GitHub\\Proyecto-4\\backend\\vendor\\laravel\\framework\\src\\Illuminate\\Database\\Eloquent\\Builder.php(694): Illuminate\\Database\\Eloquent\\Builder->getModels(Array)
#7 C:\\Users\\Frost\\Documents\\GitHub\\Proyecto-4\\backend\\vendor\\laravel\\framework\\src\\Illuminate\\Database\\Concerns\\BuildsQueries.php(296): Illuminate\\Database\\Eloquent\\Builder->get(Array)
#8 C:\\Users\\Frost\\Documents\\GitHub\\Proyecto-4\\backend\\app\\Http\\Controllers\\Api\\EtapaController.php(57): Illuminate\\Database\\Eloquent\\Builder->first()
#9 C:\\Users\\Frost\\Documents\\GitHub\\Proyecto-4\\backend\\vendor\\laravel\\framework\\src\\Illuminate\\Routing\\Controller.php(54): App\\Http\\Controllers\\Api\\EtapaController->verEtapa(Object(Illuminate\\Http\\Request))
#10 C:\\Users\\Frost\\Documents\\GitHub\\Proyecto-4\\backend\\vendor\\laravel\\framework\\src\\Illuminate\\Routing\\ControllerDispatcher.php(43): Illuminate\\Routing\\Controller->callAction('verEtapa', Array)
#11 C:\\Users\\Frost\\Documents\\GitHub\\Proyecto-4\\backend\\vendor\\laravel\\framework\\src\\Illuminate\\Routing\\Route.php(260): Illuminate\\Routing\\ControllerDispatcher->dispatch(Object(Illuminate\\Routing\\Route), Object(App\\Http\\Controllers\\Api\\EtapaController), 'verEtapa')
#12 C:\\Users\\Frost\\Documents\\GitHub\\Proyecto-4\\backend\\vendor\\laravel\\framework\\src\\Illuminate\\Routing\\Route.php(205): Illuminate\\Routing\\Route->runController()
#13 C:\\Users\\Frost\\Documents\\GitHub\\Proyecto-4\\backend\\vendor\\laravel\\framework\\src\\Illuminate\\Routing\\Router.php(798): Illuminate\\Routing\\Route->run()
#14 C:\\Users\\Frost\\Documents\\GitHub\\Proyecto-4\\backend\\vendor\\laravel\\framework\\src\\Illuminate\\Pipeline\\Pipeline.php(141): Illuminate\\Routing\\Router->Illuminate\\Routing\\{closure}(Object(Illuminate\\Http\\Request))
#15 C:\\Users\\Frost\\Documents\\GitHub\\Proyecto-4\\backend\\vendor\\laravel\\framework\\src\\Illuminate\\Routing\\Middleware\\SubstituteBindings.php(50): Illuminate\\Pipeline\\Pipeline->Illuminate\\Pipeline\\{closure}(Object(Illuminate\\Http\\Request))
#16 C:\\Users\\Frost\\Documents\\GitHub\\Proyecto-4\\backend\\vendor\\laravel\\framework\\src\\Illuminate\\Pipeline\\Pipeline.php(180): Illuminate\\Routing\\Middleware\\SubstituteBindings->handle(Object(Illuminate\\Http\\Request), Object(Closure))
#17 C:\\Users\\Frost\\Documents\\GitHub\\Proyecto-4\\backend\\vendor\\laravel\\framework\\src\\Illuminate\\Routing\\Middleware\\ThrottleRequests.php(126): Illuminate\\Pipeline\\Pipeline->Illuminate\\Pipeline\\{closure}(Object(Illuminate\\Http\\Request))
#18 C:\\Users\\Frost\\Documents\\GitHub\\Proyecto-4\\backend\\vendor\\laravel\\framework\\src\\Illuminate\\Routing\\Middleware\\ThrottleRequests.php(102): Illuminate\\Routing\\Middleware\\ThrottleRequests->handleRequest(Object(Illuminate\\Http\\Request), Object(Closure), Array)
#19 C:\\Users\\Frost\\Documents\\GitHub\\Proyecto-4\\backend\\vendor\\laravel\\framework\\src\\Illuminate\\Routing\\Middleware\\ThrottleRequests.php(54): Illuminate\\Routing\\Middleware\\ThrottleRequests->handleRequestUsingNamedLimiter(Object(Illuminate\\Http\\Request), Object(Closure), 'api', Object(Closure))
#20 C:\\Users\\Frost\\Documents\\GitHub\\Proyecto-4\\backend\\vendor\\laravel\\framework\\src\\Illuminate\\Pipeline\\Pipeline.php(180): Illuminate\\Routing\\Middleware\\ThrottleRequests->handle(Object(Illuminate\\Http\\Request), Object(Closure), 'api')
#21 C:\\Users\\Frost\\Documents\\GitHub\\Proyecto-4\\backend\\vendor\\laravel\\framework\\src\\Illuminate\\Pipeline\\Pipeline.php(116): Illuminate\\Pipeline\\Pipeline->Illuminate\\Pipeline\\{closure}(Object(Illuminate\\Http\\Request))
#22 C:\\Users\\Frost\\Documents\\GitHub\\Proyecto-4\\backend\\vendor\\laravel\\framework\\src\\Illuminate\\Routing\\Router.php(799): Illuminate\\Pipeline\\Pipeline->then(Object(Closure))
#23 C:\\Users\\Frost\\Documents\\GitHub\\Proyecto-4\\backend\\vendor\\laravel\\framework\\src\\Illuminate\\Routing\\Router.php(776): Illuminate\\Routing\\Router->runRouteWithinStack(Object(Illuminate\\Routing\\Route), Object(Illuminate\\Http\\Request))
#24 C:\\Users\\Frost\\Documents\\GitHub\\Proyecto-4\\backend\\vendor\\laravel\\framework\\src\\Illuminate\\Routing\\Router.php(740): Illuminate\\Routing\\Router->runRoute(Object(Illuminate\\Http\\Request), Object(Illuminate\\Routing\\Route))
#25 C:\\Users\\Frost\\Documents\\GitHub\\Proyecto-4\\backend\\vendor\\laravel\\framework\\src\\Illuminate\\Routing\\Router.php(729): Illuminate\\Routing\\Router->dispatchToRoute(Object(Illuminate\\Http\\Request))
#26 C:\\Users\\Frost\\Documents\\GitHub\\Proyecto-4\\backend\\vendor\\laravel\\framework\\src\\Illuminate\\Foundation\\Http\\Kernel.php(190): Illuminate\\Routing\\Router->dispatch(Object(Illuminate\\Http\\Request))
#27 C:\\Users\\Frost\\Documents\\GitHub\\Proyecto-4\\backend\\vendor\\laravel\\framework\\src\\Illuminate\\Pipeline\\Pipeline.php(141): Illuminate\\Foundation\\Http\\Kernel->Illuminate\\Foundation\\Http\\{closure}(Object(Illuminate\\Http\\Request))
#28 C:\\Users\\Frost\\Documents\\GitHub\\Proyecto-4\\backend\\vendor\\laravel\\framework\\src\\Illuminate\\Foundation\\Http\\Middleware\\TransformsRequest.php(21): Illuminate\\Pipeline\\Pipeline->Illuminate\\Pipeline\\{closure}(Object(Illuminate\\Http\\Request))
#29 C:\\Users\\Frost\\Documents\\GitHub\\Proyecto-4\\backend\\vendor\\laravel\\framework\\src\\Illuminate\\Foundation\\Http\\Middleware\\ConvertEmptyStringsToNull.php(31): Illuminate\\Foundation\\Http\\Middleware\\TransformsRequest->handle(Object(Illuminate\\Http\\Request), Object(Closure))
#30 C:\\Users\\Frost\\Documents\\GitHub\\Proyecto-4\\backend\\vendor\\laravel\\framework\\src\\Illuminate\\Pipeline\\Pipeline.php(180): Illuminate\\Foundation\\Http\\Middleware\\ConvertEmptyStringsToNull->handle(Object(Illuminate\\Http\\Request), Object(Closure))
#31 C:\\Users\\Frost\\Documents\\GitHub\\Proyecto-4\\backend\\vendor\\laravel\\framework\\src\\Illuminate\\Foundation\\Http\\Middleware\\TransformsRequest.php(21): Illuminate\\Pipeline\\Pipeline->Illuminate\\Pipeline\\{closure}(Object(Illuminate\\Http\\Request))
#32 C:\\Users\\Frost\\Documents\\GitHub\\Proyecto-4\\backend\\vendor\\laravel\\framework\\src\\Illuminate\\Foundation\\Http\\Middleware\\TrimStrings.php(40): Illuminate\\Foundation\\Http\\Middleware\\TransformsRequest->handle(Object(Illuminate\\Http\\Request), Object(Closure))
#33 C:\\Users\\Frost\\Documents\\GitHub\\Proyecto-4\\backend\\vendor\\laravel\\framework\\src\\Illuminate\\Pipeline\\Pipeline.php(180): Illuminate\\Foundation\\Http\\Middleware\\TrimStrings->handle(Object(Illuminate\\Http\\Request), Object(Closure))
#34 C:\\Users\\Frost\\Documents\\GitHub\\Proyecto-4\\backend\\vendor\\laravel\\framework\\src\\Illuminate\\Foundation\\Http\\Middleware\\ValidatePostSize.php(27): Illuminate\\Pipeline\\Pipeline->Illuminate\\Pipeline\\{closure}(Object(Illuminate\\Http\\Request))
#35 C:\\Users\\Frost\\Documents\\GitHub\\Proyecto-4\\backend\\vendor\\laravel\\framework\\src\\Illuminate\\Pipeline\\Pipeline.php(180): Illuminate\\Foundation\\Http\\Middleware\\ValidatePostSize->handle(Object(Illuminate\\Http\\Request), Object(Closure))
#36 C:\\Users\\Frost\\Documents\\GitHub\\Proyecto-4\\backend\\vendor\\laravel\\framework\\src\\Illuminate\\Foundation\\Http\\Middleware\\PreventRequestsDuringMaintenance.php(86): Illuminate\\Pipeline\\Pipeline->Illuminate\\Pipeline\\{closure}(Object(Illuminate\\Http\\Request))
#37 C:\\Users\\Frost\\Documents\\GitHub\\Proyecto-4\\backend\\vendor\\laravel\\framework\\src\\Illuminate\\Pipeline\\Pipeline.php(180): Illuminate\\Foundation\\Http\\Middleware\\PreventRequestsDuringMaintenance->handle(Object(Illuminate\\Http\\Request), Object(Closure))
#38 C:\\Users\\Frost\\Documents\\GitHub\\Proyecto-4\\backend\\vendor\\laravel\\framework\\src\\Illuminate\\Http\\Middleware\\HandleCors.php(62): Illuminate\\Pipeline\\Pipeline->Illuminate\\Pipeline\\{closure}(Object(Illuminate\\Http\\Request))
#39 C:\\Users\\Frost\\Documents\\GitHub\\Proyecto-4\\backend\\vendor\\laravel\\framework\\src\\Illuminate\\Pipeline\\Pipeline.php(180): Illuminate\\Http\\Middleware\\HandleCors->handle(Object(Illuminate\\Http\\Request), Object(Closure))
#40 C:\\Users\\Frost\\Documents\\GitHub\\Proyecto-4\\backend\\vendor\\laravel\\framework\\src\\Illuminate\\Http\\Middleware\\TrustProxies.php(39): Illuminate\\Pipeline\\Pipeline->Illuminate\\Pipeline\\{closure}(Object(Illuminate\\Http\\Request))
#41 C:\\Users\\Frost\\Documents\\GitHub\\Proyecto-4\\backend\\vendor\\laravel\\framework\\src\\Illuminate\\Pipeline\\Pipeline.php(180): Illuminate\\Http\\Middleware\\TrustProxies->handle(Object(Illuminate\\Http\\Request), Object(Closure))
#42 C:\\Users\\Frost\\Documents\\GitHub\\Proyecto-4\\backend\\vendor\\laravel\\framework\\src\\Illuminate\\Pipeline\\Pipeline.php(116): Illuminate\\Pipeline\\Pipeline->Illuminate\\Pipeline\\{closure}(Object(Illuminate\\Http\\Request))
#43 C:\\Users\\Frost\\Documents\\GitHub\\Proyecto-4\\backend\\vendor\\laravel\\framework\\src\\Illuminate\\Foundation\\Http\\Kernel.php(165): Illuminate\\Pipeline\\Pipeline->then(Object(Closure))
#44 C:\\Users\\Frost\\Documents\\GitHub\\Proyecto-4\\backend\\vendor\\laravel\\framework\\src\\Illuminate\\Foundation\\Http\\Kernel.php(134): Illuminate\\Foundation\\Http\\Kernel->sendRequestThroughRouter(Object(Illuminate\\Http\\Request))
#45 C:\\Users\\Frost\\Documents\\GitHub\\Proyecto-4\\backend\\public\\index.php(52): Illuminate\\Foundation\\Http\\Kernel->handle(Object(Illuminate\\Http\\Request))
#46 C:\\Users\\Frost\\Documents\\GitHub\\Proyecto-4\\backend\\vendor\\laravel\\framework\\src\\Illuminate\\Foundation\\resources\\server.php(16): require_once('C:\\\\Users\\\\Frost\\\\...')
#47 {main}
"} 
[2024-02-05 16:44:43] local.ERROR: No suitable servers found (`serverSelectionTryOnce` set): [Failed to resolve 'ac-uiyokvp-shard-00-00.436zk6f.mongodb.net'] [Failed to resolve 'ac-uiyokvp-shard-00-01.436zk6f.mongodb.net'] [Failed to resolve 'ac-uiyokvp-shard-00-02.436zk6f.mongodb.net'] {"exception":"[object] (MongoDB\\Driver\\Exception\\ConnectionTimeoutException(code: 13053): No suitable servers found (`serverSelectionTryOnce` set): [Failed to resolve 'ac-uiyokvp-shard-00-00.436zk6f.mongodb.net'] [Failed to resolve 'ac-uiyokvp-shard-00-01.436zk6f.mongodb.net'] [Failed to resolve 'ac-uiyokvp-shard-00-02.436zk6f.mongodb.net'] at C:\\Users\\Frost\\Documents\\GitHub\\Proyecto-4\\backend\\vendor\\mongodb\\mongodb\\src\\functions.php:487)
[stacktrace]
#0 C:\\Users\\Frost\\Documents\\GitHub\\Proyecto-4\\backend\\vendor\\mongodb\\mongodb\\src\\functions.php(487): MongoDB\\Driver\\Manager->selectServer(Object(MongoDB\\Driver\\ReadPreference))
#1 C:\\Users\\Frost\\Documents\\GitHub\\Proyecto-4\\backend\\vendor\\mongodb\\mongodb\\src\\Collection.php(639): MongoDB\\select_server(Object(MongoDB\\Driver\\Manager), Array)
#2 C:\\Users\\Frost\\Documents\\GitHub\\Proyecto-4\\backend\\vendor\\jenssegers\\mongodb\\src\\Collection.php(45): MongoDB\\Collection->find(Array, Array)
#3 C:\\Users\\Frost\\Documents\\GitHub\\Proyecto-4\\backend\\vendor\\jenssegers\\mongodb\\src\\Query\\Builder.php(413): Jenssegers\\Mongodb\\Collection->__call('find', Array)
#4 C:\\Users\\Frost\\Documents\\GitHub\\Proyecto-4\\backend\\vendor\\jenssegers\\mongodb\\src\\Query\\Builder.php(202): Jenssegers\\Mongodb\\Query\\Builder->getFresh(Array)
#5 C:\\Users\\Frost\\Documents\\GitHub\\Proyecto-4\\backend\\vendor\\laravel\\framework\\src\\Illuminate\\Database\\Eloquent\\Builder.php(710): Jenssegers\\Mongodb\\Query\\Builder->get(Array)
#6 C:\\Users\\Frost\\Documents\\GitHub\\Proyecto-4\\backend\\vendor\\laravel\\framework\\src\\Illuminate\\Database\\Eloquent\\Builder.php(694): Illuminate\\Database\\Eloquent\\Builder->getModels(Array)
#7 C:\\Users\\Frost\\Documents\\GitHub\\Proyecto-4\\backend\\vendor\\laravel\\framework\\src\\Illuminate\\Database\\Concerns\\BuildsQueries.php(296): Illuminate\\Database\\Eloquent\\Builder->get(Array)
#8 C:\\Users\\Frost\\Documents\\GitHub\\Proyecto-4\\backend\\app\\Http\\Controllers\\Api\\EtapaController.php(57): Illuminate\\Database\\Eloquent\\Builder->first()
#9 C:\\Users\\Frost\\Documents\\GitHub\\Proyecto-4\\backend\\vendor\\laravel\\framework\\src\\Illuminate\\Routing\\Controller.php(54): App\\Http\\Controllers\\Api\\EtapaController->verEtapa(Object(Illuminate\\Http\\Request))
#10 C:\\Users\\Frost\\Documents\\GitHub\\Proyecto-4\\backend\\vendor\\laravel\\framework\\src\\Illuminate\\Routing\\ControllerDispatcher.php(43): Illuminate\\Routing\\Controller->callAction('verEtapa', Array)
#11 C:\\Users\\Frost\\Documents\\GitHub\\Proyecto-4\\backend\\vendor\\laravel\\framework\\src\\Illuminate\\Routing\\Route.php(260): Illuminate\\Routing\\ControllerDispatcher->dispatch(Object(Illuminate\\Routing\\Route), Object(App\\Http\\Controllers\\Api\\EtapaController), 'verEtapa')
#12 C:\\Users\\Frost\\Documents\\GitHub\\Proyecto-4\\backend\\vendor\\laravel\\framework\\src\\Illuminate\\Routing\\Route.php(205): Illuminate\\Routing\\Route->runController()
#13 C:\\Users\\Frost\\Documents\\GitHub\\Proyecto-4\\backend\\vendor\\laravel\\framework\\src\\Illuminate\\Routing\\Router.php(798): Illuminate\\Routing\\Route->run()
#14 C:\\Users\\Frost\\Documents\\GitHub\\Proyecto-4\\backend\\vendor\\laravel\\framework\\src\\Illuminate\\Pipeline\\Pipeline.php(141): Illuminate\\Routing\\Router->Illuminate\\Routing\\{closure}(Object(Illuminate\\Http\\Request))
#15 C:\\Users\\Frost\\Documents\\GitHub\\Proyecto-4\\backend\\vendor\\laravel\\framework\\src\\Illuminate\\Routing\\Middleware\\SubstituteBindings.php(50): Illuminate\\Pipeline\\Pipeline->Illuminate\\Pipeline\\{closure}(Object(Illuminate\\Http\\Request))
#16 C:\\Users\\Frost\\Documents\\GitHub\\Proyecto-4\\backend\\vendor\\laravel\\framework\\src\\Illuminate\\Pipeline\\Pipeline.php(180): Illuminate\\Routing\\Middleware\\SubstituteBindings->handle(Object(Illuminate\\Http\\Request), Object(Closure))
#17 C:\\Users\\Frost\\Documents\\GitHub\\Proyecto-4\\backend\\vendor\\laravel\\framework\\src\\Illuminate\\Routing\\Middleware\\ThrottleRequests.php(126): Illuminate\\Pipeline\\Pipeline->Illuminate\\Pipeline\\{closure}(Object(Illuminate\\Http\\Request))
#18 C:\\Users\\Frost\\Documents\\GitHub\\Proyecto-4\\backend\\vendor\\laravel\\framework\\src\\Illuminate\\Routing\\Middleware\\ThrottleRequests.php(102): Illuminate\\Routing\\Middleware\\ThrottleRequests->handleRequest(Object(Illuminate\\Http\\Request), Object(Closure), Array)
#19 C:\\Users\\Frost\\Documents\\GitHub\\Proyecto-4\\backend\\vendor\\laravel\\framework\\src\\Illuminate\\Routing\\Middleware\\ThrottleRequests.php(54): Illuminate\\Routing\\Middleware\\ThrottleRequests->handleRequestUsingNamedLimiter(Object(Illuminate\\Http\\Request), Object(Closure), 'api', Object(Closure))
#20 C:\\Users\\Frost\\Documents\\GitHub\\Proyecto-4\\backend\\vendor\\laravel\\framework\\src\\Illuminate\\Pipeline\\Pipeline.php(180): Illuminate\\Routing\\Middleware\\ThrottleRequests->handle(Object(Illuminate\\Http\\Request), Object(Closure), 'api')
#21 C:\\Users\\Frost\\Documents\\GitHub\\Proyecto-4\\backend\\vendor\\laravel\\framework\\src\\Illuminate\\Pipeline\\Pipeline.php(116): Illuminate\\Pipeline\\Pipeline->Illuminate\\Pipeline\\{closure}(Object(Illuminate\\Http\\Request))
#22 C:\\Users\\Frost\\Documents\\GitHub\\Proyecto-4\\backend\\vendor\\laravel\\framework\\src\\Illuminate\\Routing\\Router.php(799): Illuminate\\Pipeline\\Pipeline->then(Object(Closure))
#23 C:\\Users\\Frost\\Documents\\GitHub\\Proyecto-4\\backend\\vendor\\laravel\\framework\\src\\Illuminate\\Routing\\Router.php(776): Illuminate\\Routing\\Router->runRouteWithinStack(Object(Illuminate\\Routing\\Route), Object(Illuminate\\Http\\Request))
#24 C:\\Users\\Frost\\Documents\\GitHub\\Proyecto-4\\backend\\vendor\\laravel\\framework\\src\\Illuminate\\Routing\\Router.php(740): Illuminate\\Routing\\Router->runRoute(Object(Illuminate\\Http\\Request), Object(Illuminate\\Routing\\Route))
#25 C:\\Users\\Frost\\Documents\\GitHub\\Proyecto-4\\backend\\vendor\\laravel\\framework\\src\\Illuminate\\Routing\\Router.php(729): Illuminate\\Routing\\Router->dispatchToRoute(Object(Illuminate\\Http\\Request))
#26 C:\\Users\\Frost\\Documents\\GitHub\\Proyecto-4\\backend\\vendor\\laravel\\framework\\src\\Illuminate\\Foundation\\Http\\Kernel.php(190): Illuminate\\Routing\\Router->dispatch(Object(Illuminate\\Http\\Request))
#27 C:\\Users\\Frost\\Documents\\GitHub\\Proyecto-4\\backend\\vendor\\laravel\\framework\\src\\Illuminate\\Pipeline\\Pipeline.php(141): Illuminate\\Foundation\\Http\\Kernel->Illuminate\\Foundation\\Http\\{closure}(Object(Illuminate\\Http\\Request))
#28 C:\\Users\\Frost\\Documents\\GitHub\\Proyecto-4\\backend\\vendor\\laravel\\framework\\src\\Illuminate\\Foundation\\Http\\Middleware\\TransformsRequest.php(21): Illuminate\\Pipeline\\Pipeline->Illuminate\\Pipeline\\{closure}(Object(Illuminate\\Http\\Request))
#29 C:\\Users\\Frost\\Documents\\GitHub\\Proyecto-4\\backend\\vendor\\laravel\\framework\\src\\Illuminate\\Foundation\\Http\\Middleware\\ConvertEmptyStringsToNull.php(31): Illuminate\\Foundation\\Http\\Middleware\\TransformsRequest->handle(Object(Illuminate\\Http\\Request), Object(Closure))
#30 C:\\Users\\Frost\\Documents\\GitHub\\Proyecto-4\\backend\\vendor\\laravel\\framework\\src\\Illuminate\\Pipeline\\Pipeline.php(180): Illuminate\\Foundation\\Http\\Middleware\\ConvertEmptyStringsToNull->handle(Object(Illuminate\\Http\\Request), Object(Closure))
#31 C:\\Users\\Frost\\Documents\\GitHub\\Proyecto-4\\backend\\vendor\\laravel\\framework\\src\\Illuminate\\Foundation\\Http\\Middleware\\TransformsRequest.php(21): Illuminate\\Pipeline\\Pipeline->Illuminate\\Pipeline\\{closure}(Object(Illuminate\\Http\\Request))
#32 C:\\Users\\Frost\\Documents\\GitHub\\Proyecto-4\\backend\\vendor\\laravel\\framework\\src\\Illuminate\\Foundation\\Http\\Middleware\\TrimStrings.php(40): Illuminate\\Foundation\\Http\\Middleware\\TransformsRequest->handle(Object(Illuminate\\Http\\Request), Object(Closure))
#33 C:\\Users\\Frost\\Documents\\GitHub\\Proyecto-4\\backend\\vendor\\laravel\\framework\\src\\Illuminate\\Pipeline\\Pipeline.php(180): Illuminate\\Foundation\\Http\\Middleware\\TrimStrings->handle(Object(Illuminate\\Http\\Request), Object(Closure))
#34 C:\\Users\\Frost\\Documents\\GitHub\\Proyecto-4\\backend\\vendor\\laravel\\framework\\src\\Illuminate\\Foundation\\Http\\Middleware\\ValidatePostSize.php(27): Illuminate\\Pipeline\\Pipeline->Illuminate\\Pipeline\\{closure}(Object(Illuminate\\Http\\Request))
#35 C:\\Users\\Frost\\Documents\\GitHub\\Proyecto-4\\backend\\vendor\\laravel\\framework\\src\\Illuminate\\Pipeline\\Pipeline.php(180): Illuminate\\Foundation\\Http\\Middleware\\ValidatePostSize->handle(Object(Illuminate\\Http\\Request), Object(Closure))
#36 C:\\Users\\Frost\\Documents\\GitHub\\Proyecto-4\\backend\\vendor\\laravel\\framework\\src\\Illuminate\\Foundation\\Http\\Middleware\\PreventRequestsDuringMaintenance.php(86): Illuminate\\Pipeline\\Pipeline->Illuminate\\Pipeline\\{closure}(Object(Illuminate\\Http\\Request))
#37 C:\\Users\\Frost\\Documents\\GitHub\\Proyecto-4\\backend\\vendor\\laravel\\framework\\src\\Illuminate\\Pipeline\\Pipeline.php(180): Illuminate\\Foundation\\Http\\Middleware\\PreventRequestsDuringMaintenance->handle(Object(Illuminate\\Http\\Request), Object(Closure))
#38 C:\\Users\\Frost\\Documents\\GitHub\\Proyecto-4\\backend\\vendor\\laravel\\framework\\src\\Illuminate\\Http\\Middleware\\HandleCors.php(62): Illuminate\\Pipeline\\Pipeline->Illuminate\\Pipeline\\{closure}(Object(Illuminate\\Http\\Request))
#39 C:\\Users\\Frost\\Documents\\GitHub\\Proyecto-4\\backend\\vendor\\laravel\\framework\\src\\Illuminate\\Pipeline\\Pipeline.php(180): Illuminate\\Http\\Middleware\\HandleCors->handle(Object(Illuminate\\Http\\Request), Object(Closure))
#40 C:\\Users\\Frost\\Documents\\GitHub\\Proyecto-4\\backend\\vendor\\laravel\\framework\\src\\Illuminate\\Http\\Middleware\\TrustProxies.php(39): Illuminate\\Pipeline\\Pipeline->Illuminate\\Pipeline\\{closure}(Object(Illuminate\\Http\\Request))
#41 C:\\Users\\Frost\\Documents\\GitHub\\Proyecto-4\\backend\\vendor\\laravel\\framework\\src\\Illuminate\\Pipeline\\Pipeline.php(180): Illuminate\\Http\\Middleware\\TrustProxies->handle(Object(Illuminate\\Http\\Request), Object(Closure))
#42 C:\\Users\\Frost\\Documents\\GitHub\\Proyecto-4\\backend\\vendor\\laravel\\framework\\src\\Illuminate\\Pipeline\\Pipeline.php(116): Illuminate\\Pipeline\\Pipeline->Illuminate\\Pipeline\\{closure}(Object(Illuminate\\Http\\Request))
#43 C:\\Users\\Frost\\Documents\\GitHub\\Proyecto-4\\backend\\vendor\\laravel\\framework\\src\\Illuminate\\Foundation\\Http\\Kernel.php(165): Illuminate\\Pipeline\\Pipeline->then(Object(Closure))
#44 C:\\Users\\Frost\\Documents\\GitHub\\Proyecto-4\\backend\\vendor\\laravel\\framework\\src\\Illuminate\\Foundation\\Http\\Kernel.php(134): Illuminate\\Foundation\\Http\\Kernel->sendRequestThroughRouter(Object(Illuminate\\Http\\Request))
#45 C:\\Users\\Frost\\Documents\\GitHub\\Proyecto-4\\backend\\public\\index.php(52): Illuminate\\Foundation\\Http\\Kernel->handle(Object(Illuminate\\Http\\Request))
#46 C:\\Users\\Frost\\Documents\\GitHub\\Proyecto-4\\backend\\vendor\\laravel\\framework\\src\\Illuminate\\Foundation\\resources\\server.php(16): require_once('C:\\\\Users\\\\Frost\\\\...')
#47 {main}
"} 
[2024-02-05 16:44:45] local.ERROR: No suitable servers found (`serverSelectionTryOnce` set): [Failed to resolve 'ac-uiyokvp-shard-00-00.436zk6f.mongodb.net'] [Failed to resolve 'ac-uiyokvp-shard-00-01.436zk6f.mongodb.net'] [Failed to resolve 'ac-uiyokvp-shard-00-02.436zk6f.mongodb.net'] {"exception":"[object] (MongoDB\\Driver\\Exception\\ConnectionTimeoutException(code: 13053): No suitable servers found (`serverSelectionTryOnce` set): [Failed to resolve 'ac-uiyokvp-shard-00-00.436zk6f.mongodb.net'] [Failed to resolve 'ac-uiyokvp-shard-00-01.436zk6f.mongodb.net'] [Failed to resolve 'ac-uiyokvp-shard-00-02.436zk6f.mongodb.net'] at C:\\Users\\Frost\\Documents\\GitHub\\Proyecto-4\\backend\\vendor\\mongodb\\mongodb\\src\\functions.php:487)
[stacktrace]
#0 C:\\Users\\Frost\\Documents\\GitHub\\Proyecto-4\\backend\\vendor\\mongodb\\mongodb\\src\\functions.php(487): MongoDB\\Driver\\Manager->selectServer(Object(MongoDB\\Driver\\ReadPreference))
#1 C:\\Users\\Frost\\Documents\\GitHub\\Proyecto-4\\backend\\vendor\\mongodb\\mongodb\\src\\Collection.php(639): MongoDB\\select_server(Object(MongoDB\\Driver\\Manager), Array)
#2 C:\\Users\\Frost\\Documents\\GitHub\\Proyecto-4\\backend\\vendor\\jenssegers\\mongodb\\src\\Collection.php(45): MongoDB\\Collection->find(Array, Array)
#3 C:\\Users\\Frost\\Documents\\GitHub\\Proyecto-4\\backend\\vendor\\jenssegers\\mongodb\\src\\Query\\Builder.php(413): Jenssegers\\Mongodb\\Collection->__call('find', Array)
#4 C:\\Users\\Frost\\Documents\\GitHub\\Proyecto-4\\backend\\vendor\\jenssegers\\mongodb\\src\\Query\\Builder.php(202): Jenssegers\\Mongodb\\Query\\Builder->getFresh(Array)
#5 C:\\Users\\Frost\\Documents\\GitHub\\Proyecto-4\\backend\\vendor\\laravel\\framework\\src\\Illuminate\\Database\\Eloquent\\Builder.php(710): Jenssegers\\Mongodb\\Query\\Builder->get(Array)
#6 C:\\Users\\Frost\\Documents\\GitHub\\Proyecto-4\\backend\\vendor\\laravel\\framework\\src\\Illuminate\\Database\\Eloquent\\Builder.php(694): Illuminate\\Database\\Eloquent\\Builder->getModels(Array)
#7 C:\\Users\\Frost\\Documents\\GitHub\\Proyecto-4\\backend\\vendor\\laravel\\framework\\src\\Illuminate\\Database\\Concerns\\BuildsQueries.php(296): Illuminate\\Database\\Eloquent\\Builder->get(Array)
#8 C:\\Users\\Frost\\Documents\\GitHub\\Proyecto-4\\backend\\app\\Http\\Controllers\\Api\\EtapaController.php(57): Illuminate\\Database\\Eloquent\\Builder->first()
#9 C:\\Users\\Frost\\Documents\\GitHub\\Proyecto-4\\backend\\vendor\\laravel\\framework\\src\\Illuminate\\Routing\\Controller.php(54): App\\Http\\Controllers\\Api\\EtapaController->verEtapa(Object(Illuminate\\Http\\Request))
#10 C:\\Users\\Frost\\Documents\\GitHub\\Proyecto-4\\backend\\vendor\\laravel\\framework\\src\\Illuminate\\Routing\\ControllerDispatcher.php(43): Illuminate\\Routing\\Controller->callAction('verEtapa', Array)
#11 C:\\Users\\Frost\\Documents\\GitHub\\Proyecto-4\\backend\\vendor\\laravel\\framework\\src\\Illuminate\\Routing\\Route.php(260): Illuminate\\Routing\\ControllerDispatcher->dispatch(Object(Illuminate\\Routing\\Route), Object(App\\Http\\Controllers\\Api\\EtapaController), 'verEtapa')
#12 C:\\Users\\Frost\\Documents\\GitHub\\Proyecto-4\\backend\\vendor\\laravel\\framework\\src\\Illuminate\\Routing\\Route.php(205): Illuminate\\Routing\\Route->runController()
#13 C:\\Users\\Frost\\Documents\\GitHub\\Proyecto-4\\backend\\vendor\\laravel\\framework\\src\\Illuminate\\Routing\\Router.php(798): Illuminate\\Routing\\Route->run()
#14 C:\\Users\\Frost\\Documents\\GitHub\\Proyecto-4\\backend\\vendor\\laravel\\framework\\src\\Illuminate\\Pipeline\\Pipeline.php(141): Illuminate\\Routing\\Router->Illuminate\\Routing\\{closure}(Object(Illuminate\\Http\\Request))
#15 C:\\Users\\Frost\\Documents\\GitHub\\Proyecto-4\\backend\\vendor\\laravel\\framework\\src\\Illuminate\\Routing\\Middleware\\SubstituteBindings.php(50): Illuminate\\Pipeline\\Pipeline->Illuminate\\Pipeline\\{closure}(Object(Illuminate\\Http\\Request))
#16 C:\\Users\\Frost\\Documents\\GitHub\\Proyecto-4\\backend\\vendor\\laravel\\framework\\src\\Illuminate\\Pipeline\\Pipeline.php(180): Illuminate\\Routing\\Middleware\\SubstituteBindings->handle(Object(Illuminate\\Http\\Request), Object(Closure))
#17 C:\\Users\\Frost\\Documents\\GitHub\\Proyecto-4\\backend\\vendor\\laravel\\framework\\src\\Illuminate\\Routing\\Middleware\\ThrottleRequests.php(126): Illuminate\\Pipeline\\Pipeline->Illuminate\\Pipeline\\{closure}(Object(Illuminate\\Http\\Request))
#18 C:\\Users\\Frost\\Documents\\GitHub\\Proyecto-4\\backend\\vendor\\laravel\\framework\\src\\Illuminate\\Routing\\Middleware\\ThrottleRequests.php(102): Illuminate\\Routing\\Middleware\\ThrottleRequests->handleRequest(Object(Illuminate\\Http\\Request), Object(Closure), Array)
#19 C:\\Users\\Frost\\Documents\\GitHub\\Proyecto-4\\backend\\vendor\\laravel\\framework\\src\\Illuminate\\Routing\\Middleware\\ThrottleRequests.php(54): Illuminate\\Routing\\Middleware\\ThrottleRequests->handleRequestUsingNamedLimiter(Object(Illuminate\\Http\\Request), Object(Closure), 'api', Object(Closure))
#20 C:\\Users\\Frost\\Documents\\GitHub\\Proyecto-4\\backend\\vendor\\laravel\\framework\\src\\Illuminate\\Pipeline\\Pipeline.php(180): Illuminate\\Routing\\Middleware\\ThrottleRequests->handle(Object(Illuminate\\Http\\Request), Object(Closure), 'api')
#21 C:\\Users\\Frost\\Documents\\GitHub\\Proyecto-4\\backend\\vendor\\laravel\\framework\\src\\Illuminate\\Pipeline\\Pipeline.php(116): Illuminate\\Pipeline\\Pipeline->Illuminate\\Pipeline\\{closure}(Object(Illuminate\\Http\\Request))
#22 C:\\Users\\Frost\\Documents\\GitHub\\Proyecto-4\\backend\\vendor\\laravel\\framework\\src\\Illuminate\\Routing\\Router.php(799): Illuminate\\Pipeline\\Pipeline->then(Object(Closure))
#23 C:\\Users\\Frost\\Documents\\GitHub\\Proyecto-4\\backend\\vendor\\laravel\\framework\\src\\Illuminate\\Routing\\Router.php(776): Illuminate\\Routing\\Router->runRouteWithinStack(Object(Illuminate\\Routing\\Route), Object(Illuminate\\Http\\Request))
#24 C:\\Users\\Frost\\Documents\\GitHub\\Proyecto-4\\backend\\vendor\\laravel\\framework\\src\\Illuminate\\Routing\\Router.php(740): Illuminate\\Routing\\Router->runRoute(Object(Illuminate\\Http\\Request), Object(Illuminate\\Routing\\Route))
#25 C:\\Users\\Frost\\Documents\\GitHub\\Proyecto-4\\backend\\vendor\\laravel\\framework\\src\\Illuminate\\Routing\\Router.php(729): Illuminate\\Routing\\Router->dispatchToRoute(Object(Illuminate\\Http\\Request))
#26 C:\\Users\\Frost\\Documents\\GitHub\\Proyecto-4\\backend\\vendor\\laravel\\framework\\src\\Illuminate\\Foundation\\Http\\Kernel.php(190): Illuminate\\Routing\\Router->dispatch(Object(Illuminate\\Http\\Request))
#27 C:\\Users\\Frost\\Documents\\GitHub\\Proyecto-4\\backend\\vendor\\laravel\\framework\\src\\Illuminate\\Pipeline\\Pipeline.php(141): Illuminate\\Foundation\\Http\\Kernel->Illuminate\\Foundation\\Http\\{closure}(Object(Illuminate\\Http\\Request))
#28 C:\\Users\\Frost\\Documents\\GitHub\\Proyecto-4\\backend\\vendor\\laravel\\framework\\src\\Illuminate\\Foundation\\Http\\Middleware\\TransformsRequest.php(21): Illuminate\\Pipeline\\Pipeline->Illuminate\\Pipeline\\{closure}(Object(Illuminate\\Http\\Request))
#29 C:\\Users\\Frost\\Documents\\GitHub\\Proyecto-4\\backend\\vendor\\laravel\\framework\\src\\Illuminate\\Foundation\\Http\\Middleware\\ConvertEmptyStringsToNull.php(31): Illuminate\\Foundation\\Http\\Middleware\\TransformsRequest->handle(Object(Illuminate\\Http\\Request), Object(Closure))
#30 C:\\Users\\Frost\\Documents\\GitHub\\Proyecto-4\\backend\\vendor\\laravel\\framework\\src\\Illuminate\\Pipeline\\Pipeline.php(180): Illuminate\\Foundation\\Http\\Middleware\\ConvertEmptyStringsToNull->handle(Object(Illuminate\\Http\\Request), Object(Closure))
#31 C:\\Users\\Frost\\Documents\\GitHub\\Proyecto-4\\backend\\vendor\\laravel\\framework\\src\\Illuminate\\Foundation\\Http\\Middleware\\TransformsRequest.php(21): Illuminate\\Pipeline\\Pipeline->Illuminate\\Pipeline\\{closure}(Object(Illuminate\\Http\\Request))
#32 C:\\Users\\Frost\\Documents\\GitHub\\Proyecto-4\\backend\\vendor\\laravel\\framework\\src\\Illuminate\\Foundation\\Http\\Middleware\\TrimStrings.php(40): Illuminate\\Foundation\\Http\\Middleware\\TransformsRequest->handle(Object(Illuminate\\Http\\Request), Object(Closure))
#33 C:\\Users\\Frost\\Documents\\GitHub\\Proyecto-4\\backend\\vendor\\laravel\\framework\\src\\Illuminate\\Pipeline\\Pipeline.php(180): Illuminate\\Foundation\\Http\\Middleware\\TrimStrings->handle(Object(Illuminate\\Http\\Request), Object(Closure))
#34 C:\\Users\\Frost\\Documents\\GitHub\\Proyecto-4\\backend\\vendor\\laravel\\framework\\src\\Illuminate\\Foundation\\Http\\Middleware\\ValidatePostSize.php(27): Illuminate\\Pipeline\\Pipeline->Illuminate\\Pipeline\\{closure}(Object(Illuminate\\Http\\Request))
#35 C:\\Users\\Frost\\Documents\\GitHub\\Proyecto-4\\backend\\vendor\\laravel\\framework\\src\\Illuminate\\Pipeline\\Pipeline.php(180): Illuminate\\Foundation\\Http\\Middleware\\ValidatePostSize->handle(Object(Illuminate\\Http\\Request), Object(Closure))
#36 C:\\Users\\Frost\\Documents\\GitHub\\Proyecto-4\\backend\\vendor\\laravel\\framework\\src\\Illuminate\\Foundation\\Http\\Middleware\\PreventRequestsDuringMaintenance.php(86): Illuminate\\Pipeline\\Pipeline->Illuminate\\Pipeline\\{closure}(Object(Illuminate\\Http\\Request))
#37 C:\\Users\\Frost\\Documents\\GitHub\\Proyecto-4\\backend\\vendor\\laravel\\framework\\src\\Illuminate\\Pipeline\\Pipeline.php(180): Illuminate\\Foundation\\Http\\Middleware\\PreventRequestsDuringMaintenance->handle(Object(Illuminate\\Http\\Request), Object(Closure))
#38 C:\\Users\\Frost\\Documents\\GitHub\\Proyecto-4\\backend\\vendor\\laravel\\framework\\src\\Illuminate\\Http\\Middleware\\HandleCors.php(62): Illuminate\\Pipeline\\Pipeline->Illuminate\\Pipeline\\{closure}(Object(Illuminate\\Http\\Request))
#39 C:\\Users\\Frost\\Documents\\GitHub\\Proyecto-4\\backend\\vendor\\laravel\\framework\\src\\Illuminate\\Pipeline\\Pipeline.php(180): Illuminate\\Http\\Middleware\\HandleCors->handle(Object(Illuminate\\Http\\Request), Object(Closure))
#40 C:\\Users\\Frost\\Documents\\GitHub\\Proyecto-4\\backend\\vendor\\laravel\\framework\\src\\Illuminate\\Http\\Middleware\\TrustProxies.php(39): Illuminate\\Pipeline\\Pipeline->Illuminate\\Pipeline\\{closure}(Object(Illuminate\\Http\\Request))
#41 C:\\Users\\Frost\\Documents\\GitHub\\Proyecto-4\\backend\\vendor\\laravel\\framework\\src\\Illuminate\\Pipeline\\Pipeline.php(180): Illuminate\\Http\\Middleware\\TrustProxies->handle(Object(Illuminate\\Http\\Request), Object(Closure))
#42 C:\\Users\\Frost\\Documents\\GitHub\\Proyecto-4\\backend\\vendor\\laravel\\framework\\src\\Illuminate\\Pipeline\\Pipeline.php(116): Illuminate\\Pipeline\\Pipeline->Illuminate\\Pipeline\\{closure}(Object(Illuminate\\Http\\Request))
#43 C:\\Users\\Frost\\Documents\\GitHub\\Proyecto-4\\backend\\vendor\\laravel\\framework\\src\\Illuminate\\Foundation\\Http\\Kernel.php(165): Illuminate\\Pipeline\\Pipeline->then(Object(Closure))
#44 C:\\Users\\Frost\\Documents\\GitHub\\Proyecto-4\\backend\\vendor\\laravel\\framework\\src\\Illuminate\\Foundation\\Http\\Kernel.php(134): Illuminate\\Foundation\\Http\\Kernel->sendRequestThroughRouter(Object(Illuminate\\Http\\Request))
#45 C:\\Users\\Frost\\Documents\\GitHub\\Proyecto-4\\backend\\public\\index.php(52): Illuminate\\Foundation\\Http\\Kernel->handle(Object(Illuminate\\Http\\Request))
#46 C:\\Users\\Frost\\Documents\\GitHub\\Proyecto-4\\backend\\vendor\\laravel\\framework\\src\\Illuminate\\Foundation\\resources\\server.php(16): require_once('C:\\\\Users\\\\Frost\\\\...')
#47 {main}
"} 
[2024-02-05 16:54:06] local.ERROR: Maximum execution time of 60 seconds exceeded {"exception":"[object] (Symfony\\Component\\ErrorHandler\\Error\\FatalError(code: 0): Maximum execution time of 60 seconds exceeded at C:\\Users\\Frost\\Documents\\GitHub\\Proyecto-4\\backend\\vendor\\mongodb\\mongodb\\src\\functions.php:487)
[stacktrace]
#0 {main}
"} 
